<?xml version="1.0" encoding="UTF-8"?>
<!-- Generated by org.testng.reporters.JUnitReportReporter -->
<testsuite hostname="DESKTOP-D0B18MB" failures="0" tests="2" name="qaclickacademy.selenium" time="0.005" errors="0" timestamp="2020-01-06T10:42:19 CST" skipped="0">
  <testcase classname="qaclickacademy.selenium" name="BrowserAutomation" time="0.002"/>
  <testcase classname="qaclickacademy.selenium" name="ElementsUI" time="0.003"/>
</testsuite> <!-- qaclickacademy.selenium -->
