<?xml version="1.0" encoding="UTF-8"?>
<!-- Generated by org.testng.reporters.JUnitReportReporter -->
<testsuite hostname="DESKTOP-D0B18MB" failures="0" tests="2" name="qaclickacademy.AppiumTest" time="0.017" errors="0" timestamp="2020-01-06T10:42:19 CST" skipped="0">
  <testcase classname="qaclickacademy.AppiumTest" name="IOApps" time="0.012"/>
  <testcase classname="qaclickacademy.AppiumTest" name="NativeAppAndroid" time="0.005"/>
</testsuite> <!-- qaclickacademy.AppiumTest -->
