<?xml version="1.0" encoding="UTF-8"?>
<!-- Generated by org.testng.reporters.JUnitReportReporter -->
<testsuite hostname="DESKTOP-D0B18MB" failures="0" tests="2" name="qaclickacademy.RESTAPITest" time="0.004" errors="0" timestamp="2020-01-06T10:42:19 CST" skipped="0">
  <testcase classname="qaclickacademy.RESTAPITest" name="deleteTwitter" time="0.001"/>
  <testcase classname="qaclickacademy.RESTAPITest" name="postJira" time="0.003"/>
</testsuite> <!-- qaclickacademy.RESTAPITest -->
