<?xml version="1.0" encoding="UTF-8"?>
<!-- Generated by org.testng.reporters.JUnitReportReporter -->
<testsuite hostname="DESKTOP-D0B18MB" failures="0" tests="2" name="qaclickacademy.selenium" time="0.001" errors="0" timestamp="2020-01-03T14:04:45 CST" skipped="0">
  <testcase classname="qaclickacademy.selenium" name="BrowserAutomation" time="0.000"/>
  <system-out/>
  <testcase classname="qaclickacademy.selenium" name="ElementsUI" time="0.001"/>
  <system-out/>
</testsuite> <!-- qaclickacademy.selenium -->
